<?xml version="1.0" encoding="UTF-8"?>
<testng-results skipped="0" failed="1" ignored="0" total="3" passed="2">
  <reporter-output>
  </reporter-output>
  <suite name="Suite" duration-ms="82818" started-at="2019-11-16T14:52:54Z" finished-at="2019-11-16T14:54:17Z">
    <groups>
    </groups>
    <test name="Test" duration-ms="82818" started-at="2019-11-16T14:52:54Z" finished-at="2019-11-16T14:54:17Z">
      <class name="testcases.HotelSearch">
        <test-method status="PASS" signature="beforeMethod()[pri:0, instance:testcases.HotelSearch@7e2d773b]" name="beforeMethod" is-config="true" duration-ms="13171" started-at="2019-11-16T14:53:48Z" finished-at="2019-11-16T14:54:02Z">
          <reporter-output>
          </reporter-output>
        </test-method> <!-- beforeMethod -->
        <test-method status="PASS" signature="hotelSearch(java.lang.String, java.lang.String, java.lang.String, java.lang.String)[pri:0, instance:testcases.HotelSearch@7e2d773b]" name="hotelSearch" duration-ms="13850" started-at="2019-11-16T14:54:02Z" data-provider="getData" finished-at="2019-11-16T14:54:15Z">
          <params>
            <param index="0">
              <value>
                <![CDATA[Hyderabad]]>
              </value>
            </param>
            <param index="1">
              <value>
                <![CDATA[11/28/2019]]>
              </value>
            </param>
            <param index="2">
              <value>
                <![CDATA[11/30/2019]]>
              </value>
            </param>
            <param index="3">
              <value>
                <![CDATA[Hyderabad (and vicinity), India Hotel Search Results]]>
              </value>
            </param>
          </params>
          <reporter-output>
          </reporter-output>
        </test-method> <!-- hotelSearch -->
        <test-method status="PASS" signature="tearDown()[pri:0, instance:testcases.HotelSearch@7e2d773b]" name="tearDown" is-config="true" duration-ms="1655" started-at="2019-11-16T14:54:15Z" finished-at="2019-11-16T14:54:17Z">
          <reporter-output>
          </reporter-output>
        </test-method> <!-- tearDown -->
      </class> <!-- testcases.HotelSearch -->
      <class name="testcases.FlightSearch">
        <test-method status="PASS" signature="beforeSuite()[pri:0, instance:testcases.FlightSearch@4d50efb8]" name="beforeSuite" is-config="true" duration-ms="12" started-at="2019-11-16T14:52:54Z" finished-at="2019-11-16T14:52:54Z">
          <reporter-output>
          </reporter-output>
        </test-method> <!-- beforeSuite -->
        <test-method status="PASS" signature="launchBrowser()[pri:0, instance:testcases.FlightSearch@4d50efb8]" name="launchBrowser" is-config="true" duration-ms="14719" started-at="2019-11-16T14:52:55Z" finished-at="2019-11-16T14:53:10Z">
          <reporter-output>
          </reporter-output>
        </test-method> <!-- launchBrowser -->
        <test-method status="PASS" signature="flightSearch(java.lang.String, java.lang.String, java.lang.String, java.lang.String, java.lang.String)[pri:0, instance:testcases.FlightSearch@4d50efb8]" name="flightSearch" duration-ms="10346" started-at="2019-11-16T14:53:10Z" data-provider="getData" finished-at="2019-11-16T14:53:20Z">
          <params>
            <param index="0">
              <value>
                <![CDATA[Delhi]]>
              </value>
            </param>
            <param index="1">
              <value>
                <![CDATA[11/27/2019]]>
              </value>
            </param>
            <param index="2">
              <value>
                <![CDATA[11/29/2019]]>
              </value>
            </param>
            <param index="3">
              <value>
                <![CDATA[Hyderabad]]>
              </value>
            </param>
            <param index="4">
              <value>
                <![CDATA[Select your departure to Hyderabad]]>
              </value>
            </param>
          </params>
          <reporter-output>
          </reporter-output>
        </test-method> <!-- flightSearch -->
        <test-method status="PASS" signature="tearDown()[pri:0, instance:testcases.FlightSearch@4d50efb8]" name="tearDown" is-config="true" duration-ms="6439" started-at="2019-11-16T14:53:20Z" finished-at="2019-11-16T14:53:26Z">
          <reporter-output>
          </reporter-output>
        </test-method> <!-- tearDown -->
        <test-method status="PASS" signature="launchBrowser()[pri:0, instance:testcases.FlightSearch@4d50efb8]" name="launchBrowser" is-config="true" duration-ms="13878" started-at="2019-11-16T14:53:26Z" finished-at="2019-11-16T14:53:40Z">
          <reporter-output>
          </reporter-output>
        </test-method> <!-- launchBrowser -->
        <test-method status="FAIL" signature="verifyHomePage()[pri:0, instance:testcases.FlightSearch@4d50efb8]" name="verifyHomePage" duration-ms="99" started-at="2019-11-16T14:53:40Z" finished-at="2019-11-16T14:53:40Z">
          <exception class="java.lang.AssertionError">
            <message>
              <![CDATA[null]]>
            </message>
            <full-stacktrace>
              <![CDATA[java.lang.AssertionError: null
at org.testng.Assert.fail(Assert.java:96)
at org.testng.Assert.fail(Assert.java:103)
at testcases.FlightSearch.verifyHomePage(FlightSearch.java:42)
at sun.reflect.NativeMethodAccessorImpl.invoke0(Native Method)
at sun.reflect.NativeMethodAccessorImpl.invoke(NativeMethodAccessorImpl.java:62)
at sun.reflect.DelegatingMethodAccessorImpl.invoke(DelegatingMethodAccessorImpl.java:43)
at java.lang.reflect.Method.invoke(Method.java:498)
at org.testng.internal.MethodInvocationHelper.invokeMethod(MethodInvocationHelper.java:124)
at org.testng.internal.Invoker.invokeMethod(Invoker.java:583)
at org.testng.internal.Invoker.invokeTestMethod(Invoker.java:719)
at org.testng.internal.Invoker.invokeTestMethods(Invoker.java:989)
at org.testng.internal.TestMethodWorker.invokeTestMethods(TestMethodWorker.java:125)
at org.testng.internal.TestMethodWorker.run(TestMethodWorker.java:109)
at org.testng.TestRunner.privateRun(TestRunner.java:648)
at org.testng.TestRunner.run(TestRunner.java:505)
at org.testng.SuiteRunner.runTest(SuiteRunner.java:455)
at org.testng.SuiteRunner.runSequentially(SuiteRunner.java:450)
at org.testng.SuiteRunner.privateRun(SuiteRunner.java:415)
at org.testng.SuiteRunner.run(SuiteRunner.java:364)
at org.testng.SuiteRunnerWorker.runSuite(SuiteRunnerWorker.java:52)
at org.testng.SuiteRunnerWorker.run(SuiteRunnerWorker.java:84)
at org.testng.TestNG.runSuitesSequentially(TestNG.java:1208)
at org.testng.TestNG.runSuitesLocally(TestNG.java:1137)
at org.testng.TestNG.runSuites(TestNG.java:1049)
at org.testng.TestNG.run(TestNG.java:1017)
at org.apache.maven.surefire.testng.TestNGExecutor.run(TestNGExecutor.java:283)
at org.apache.maven.surefire.testng.TestNGXmlTestSuite.execute(TestNGXmlTestSuite.java:75)
at org.apache.maven.surefire.testng.TestNGProvider.invoke(TestNGProvider.java:120)
at org.apache.maven.surefire.booter.ForkedBooter.invokeProviderInSameClassLoader(ForkedBooter.java:384)
at org.apache.maven.surefire.booter.ForkedBooter.runSuitesInProcess(ForkedBooter.java:345)
at org.apache.maven.surefire.booter.ForkedBooter.execute(ForkedBooter.java:126)
at org.apache.maven.surefire.booter.ForkedBooter.main(ForkedBooter.java:418)
]]>
            </full-stacktrace>
          </exception> <!-- java.lang.AssertionError -->
          <reporter-output>
          </reporter-output>
        </test-method> <!-- verifyHomePage -->
        <test-method status="PASS" signature="tearDown()[pri:0, instance:testcases.FlightSearch@4d50efb8]" name="tearDown" is-config="true" duration-ms="6530" started-at="2019-11-16T14:53:42Z" finished-at="2019-11-16T14:53:48Z">
          <reporter-output>
          </reporter-output>
        </test-method> <!-- tearDown -->
      </class> <!-- testcases.FlightSearch -->
    </test> <!-- Test -->
  </suite> <!-- Suite -->
</testng-results>
