<?xml version="1.0" encoding="UTF-8"?>
<testng-results skipped="0" failed="1" ignored="0" total="3" passed="2">
  <reporter-output>
  </reporter-output>
  <suite name="Suite" duration-ms="89925" started-at="2019-11-10T15:46:43Z" finished-at="2019-11-10T15:48:13Z">
    <groups>
    </groups>
    <test name="Test" duration-ms="89925" started-at="2019-11-10T15:46:43Z" finished-at="2019-11-10T15:48:13Z">
      <class name="testcases.HotelSearch">
        <test-method status="PASS" signature="beforeMethod()[pri:0, instance:testcases.HotelSearch@481a15ff]" name="beforeMethod" is-config="true" duration-ms="13524" started-at="2019-11-10T15:47:43Z" finished-at="2019-11-10T15:47:57Z">
          <reporter-output>
          </reporter-output>
        </test-method> <!-- beforeMethod -->
        <test-method status="PASS" signature="hotelSearch(java.lang.String, java.lang.String, java.lang.String, java.lang.String)[pri:0, instance:testcases.HotelSearch@481a15ff]" name="hotelSearch" duration-ms="14761" started-at="2019-11-10T15:47:57Z" data-provider="getData" finished-at="2019-11-10T15:48:12Z">
          <params>
            <param index="0">
              <value>
                <![CDATA[Hyderabad]]>
              </value>
            </param>
            <param index="1">
              <value>
                <![CDATA[11/18/2019]]>
              </value>
            </param>
            <param index="2">
              <value>
                <![CDATA[11/20/2019]]>
              </value>
            </param>
            <param index="3">
              <value>
                <![CDATA[Hyderabad (and vicinity), India Hotel Search Results]]>
              </value>
            </param>
          </params>
          <reporter-output>
          </reporter-output>
        </test-method> <!-- hotelSearch -->
        <test-method status="PASS" signature="tearDown()[pri:0, instance:testcases.HotelSearch@481a15ff]" name="tearDown" is-config="true" duration-ms="1762" started-at="2019-11-10T15:48:12Z" finished-at="2019-11-10T15:48:13Z">
          <reporter-output>
          </reporter-output>
        </test-method> <!-- tearDown -->
      </class> <!-- testcases.HotelSearch -->
      <class name="testcases.FlightSearch">
        <test-method status="PASS" signature="beforeSuite()[pri:0, instance:testcases.FlightSearch@646007f4]" name="beforeSuite" is-config="true" duration-ms="18" started-at="2019-11-10T15:46:43Z" finished-at="2019-11-10T15:46:43Z">
          <reporter-output>
          </reporter-output>
        </test-method> <!-- beforeSuite -->
        <test-method status="PASS" signature="launchBrowser()[pri:0, instance:testcases.FlightSearch@646007f4]" name="launchBrowser" is-config="true" duration-ms="16959" started-at="2019-11-10T15:46:44Z" finished-at="2019-11-10T15:47:01Z">
          <reporter-output>
          </reporter-output>
        </test-method> <!-- launchBrowser -->
        <test-method status="PASS" signature="flightSearch(java.lang.String, java.lang.String, java.lang.String, java.lang.String, java.lang.String)[pri:0, instance:testcases.FlightSearch@646007f4]" name="flightSearch" duration-ms="11187" started-at="2019-11-10T15:47:01Z" data-provider="getData" finished-at="2019-11-10T15:47:12Z">
          <params>
            <param index="0">
              <value>
                <![CDATA[Delhi]]>
              </value>
            </param>
            <param index="1">
              <value>
                <![CDATA[11/17/2019]]>
              </value>
            </param>
            <param index="2">
              <value>
                <![CDATA[11/19/2019]]>
              </value>
            </param>
            <param index="3">
              <value>
                <![CDATA[Hyderabad]]>
              </value>
            </param>
            <param index="4">
              <value>
                <![CDATA[Select your departure to Hyderabad]]>
              </value>
            </param>
          </params>
          <reporter-output>
          </reporter-output>
        </test-method> <!-- flightSearch -->
        <test-method status="PASS" signature="tearDown()[pri:0, instance:testcases.FlightSearch@646007f4]" name="tearDown" is-config="true" duration-ms="6675" started-at="2019-11-10T15:47:12Z" finished-at="2019-11-10T15:47:19Z">
          <reporter-output>
          </reporter-output>
        </test-method> <!-- tearDown -->
        <test-method status="PASS" signature="launchBrowser()[pri:0, instance:testcases.FlightSearch@646007f4]" name="launchBrowser" is-config="true" duration-ms="15743" started-at="2019-11-10T15:47:19Z" finished-at="2019-11-10T15:47:35Z">
          <reporter-output>
          </reporter-output>
        </test-method> <!-- launchBrowser -->
        <test-method status="FAIL" signature="verifyHomePage()[pri:0, instance:testcases.FlightSearch@646007f4]" name="verifyHomePage" duration-ms="127" started-at="2019-11-10T15:47:35Z" finished-at="2019-11-10T15:47:35Z">
          <exception class="java.lang.AssertionError">
            <message>
              <![CDATA[null]]>
            </message>
            <full-stacktrace>
              <![CDATA[java.lang.AssertionError: null
at org.testng.Assert.fail(Assert.java:96)
at org.testng.Assert.fail(Assert.java:103)
at testcases.FlightSearch.verifyHomePage(FlightSearch.java:42)
at sun.reflect.NativeMethodAccessorImpl.invoke0(Native Method)
at sun.reflect.NativeMethodAccessorImpl.invoke(NativeMethodAccessorImpl.java:62)
at sun.reflect.DelegatingMethodAccessorImpl.invoke(DelegatingMethodAccessorImpl.java:43)
at java.lang.reflect.Method.invoke(Method.java:498)
at org.testng.internal.MethodInvocationHelper.invokeMethod(MethodInvocationHelper.java:124)
at org.testng.internal.Invoker.invokeMethod(Invoker.java:583)
at org.testng.internal.Invoker.invokeTestMethod(Invoker.java:719)
at org.testng.internal.Invoker.invokeTestMethods(Invoker.java:989)
at org.testng.internal.TestMethodWorker.invokeTestMethods(TestMethodWorker.java:125)
at org.testng.internal.TestMethodWorker.run(TestMethodWorker.java:109)
at org.testng.TestRunner.privateRun(TestRunner.java:648)
at org.testng.TestRunner.run(TestRunner.java:505)
at org.testng.SuiteRunner.runTest(SuiteRunner.java:455)
at org.testng.SuiteRunner.runSequentially(SuiteRunner.java:450)
at org.testng.SuiteRunner.privateRun(SuiteRunner.java:415)
at org.testng.SuiteRunner.run(SuiteRunner.java:364)
at org.testng.SuiteRunnerWorker.runSuite(SuiteRunnerWorker.java:52)
at org.testng.SuiteRunnerWorker.run(SuiteRunnerWorker.java:84)
at org.testng.TestNG.runSuitesSequentially(TestNG.java:1208)
at org.testng.TestNG.runSuitesLocally(TestNG.java:1137)
at org.testng.TestNG.runSuites(TestNG.java:1049)
at org.testng.TestNG.run(TestNG.java:1017)
at org.testng.remote.AbstractRemoteTestNG.run(AbstractRemoteTestNG.java:115)
at org.testng.remote.RemoteTestNG.initAndRun(RemoteTestNG.java:251)
at org.testng.remote.RemoteTestNG.main(RemoteTestNG.java:77)
]]>
            </full-stacktrace>
          </exception> <!-- java.lang.AssertionError -->
          <reporter-output>
          </reporter-output>
        </test-method> <!-- verifyHomePage -->
        <test-method status="PASS" signature="tearDown()[pri:0, instance:testcases.FlightSearch@646007f4]" name="tearDown" is-config="true" duration-ms="6596" started-at="2019-11-10T15:47:37Z" finished-at="2019-11-10T15:47:43Z">
          <reporter-output>
          </reporter-output>
        </test-method> <!-- tearDown -->
      </class> <!-- testcases.FlightSearch -->
    </test> <!-- Test -->
  </suite> <!-- Suite -->
</testng-results>
